#
# There is insufficient memory for the Java Runtime Environment to continue.
# Cannot create GC thread. Out of system resources.
# Possible reasons:
#   The system is out of physical RAM or swap space
#   In 32 bit mode, the process size limit was hit
# Possible solutions:
#   Reduce memory load on the system
#   Increase physical memory or swap space
#   Check if swap backing store is full
#   Use 64 bit Java on a 64 bit OS
#   Decrease Java heap size (-Xmx/-Xms)
#   Decrease number of Java threads
#   Decrease Java thread stack sizes (-Xss)
#   Set larger code cache with -XX:ReservedCodeCacheSize=
# This output file may be truncated or incomplete.
#
#  Out of Memory Error (gcTaskThread.cpp:46), pid=2129, tid=140283067565824
#
# JRE version:  (7.0_79-b14) (build )
# Java VM: OpenJDK 64-Bit Server VM (24.79-b02 mixed mode linux-amd64 compressed oops)
# Derivative: IcedTea 2.5.5
# Distribution: Ubuntu 14.04 LTS, package 7u79-2.5.5-0ubuntu0.14.04.2
# Failed to write core dump. Core dumps have been disabled. To enable core dumping, try "ulimit -c unlimited" before starting Java again
#

---------------  T H R E A D  ---------------

Current thread (0x00007f962c00a000):  JavaThread "Unknown thread" [_thread_in_vm, id=2130, stack(0x00007f9632590000,0x00007f9632691000)]

Stack: [0x00007f9632590000,0x00007f9632691000],  sp=0x00007f963268f750,  free space=1021k
Native frames: (J=compiled Java code, j=interpreted, Vv=VM code, C=native code)
V  [libjvm.so+0x94aec5]  VMError::report_and_die()+0x175
V  [libjvm.so+0x48b9c4]  report_vm_out_of_memory(char const*, int, unsigned long, char const*)+0x74
V  [libjvm.so+0x54532a]  GCTaskThread::GCTaskThread(GCTaskManager*, unsigned int, unsigned int)+0xfa
V  [libjvm.so+0x544647]  GCTaskManager::initialize()+0x2b7
V  [libjvm.so+0x7e8784]  ParallelScavengeHeap::initialize()+0x7d4
V  [libjvm.so+0x91b937]  Universe::initialize_heap()+0xc7
V  [libjvm.so+0x91bc67]  universe_init()+0x67
V  [libjvm.so+0x59d2a5]  init_globals()+0x55
V  [libjvm.so+0x8fe64f]  Threads::create_vm(JavaVMInitArgs*, bool*)+0x35f
V  [libjvm.so+0x608624]  JNI_CreateJavaVM+0x54
C  [libjli.so+0x2b48]


---------------  P R O C E S S  ---------------

Java Threads: ( => current thread )

Other Threads:

=>0x00007f962c00a000 (exited) JavaThread "Unknown thread" [_thread_in_vm, id=2130, stack(0x00007f9632590000,0x00007f9632691000)]

VM state:not at safepoint (not fully initialized)

VM Mutex/Monitor currently owned by a thread: None

GC Heap History (0 events):
No events

Deoptimization events (0 events):
No events

Internal exceptions (0 events):
No events

Events (0 events):
No events


Dynamic libraries:
00400000-00401000 r-xp 00000000 00:94b 496                               /usr/lib/jvm/java-7-openjdk-amd64/bin/javac
00600000-00601000 r--p 00000000 00:94b 496                               /usr/lib/jvm/java-7-openjdk-amd64/bin/javac
00601000-00602000 rw-p 00001000 00:94b 496                               /usr/lib/jvm/java-7-openjdk-amd64/bin/javac
015c6000-015e7000 rw-p 00000000 00:00 0                                  [heap]
4c2200000-4c3700000 rw-p 00000000 00:00 0 
4c3700000-4cc800000 rw-p 00000000 00:00 0 
4cc800000-4ccd80000 rw-p 00000000 00:00 0 
4ccd80000-6eed00000 rw-p 00000000 00:00 0 
6eed00000-6ef100000 rw-p 00000000 00:00 0 
6ef100000-800000000 rw-p 00000000 00:00 0 
7f9624be3000-7f9624e1d000 rw-p 00000000 00:00 0 
7f9624e1d000-7f9624e1e000 ---p 00000000 00:00 0 
7f9624e1e000-7f9624f1e000 rw-p 00000000 00:00 0 
7f9624f1e000-7f9624f1f000 ---p 00000000 00:00 0 
7f9624f1f000-7f962501f000 rw-p 00000000 00:00 0                          [stack:16596]
7f962501f000-7f9625020000 ---p 00000000 00:00 0 
7f9625020000-7f9625120000 rw-p 00000000 00:00 0                          [stack:26654]
7f9625120000-7f9625121000 ---p 00000000 00:00 0 
7f9625121000-7f9625221000 rw-p 00000000 00:00 0                          [stack:25791]
7f9625221000-7f9625222000 ---p 00000000 00:00 0 
7f9625222000-7f9625322000 rw-p 00000000 00:00 0                          [stack:22709]
7f9625322000-7f9625323000 ---p 00000000 00:00 0 
7f9625323000-7f9625423000 rw-p 00000000 00:00 0                          [stack:22178]
7f9625423000-7f9625424000 ---p 00000000 00:00 0 
7f9625424000-7f9625524000 rw-p 00000000 00:00 0                          [stack:20013]
7f9625524000-7f9625525000 ---p 00000000 00:00 0 
7f9625525000-7f9625630000 rw-p 00000000 00:00 0                          [stack:18730]
7f9625630000-7f9625678000 rw-p 00000000 00:00 0 
7f9625678000-7f962567b000 rw-p 00000000 00:00 0 
7f962567b000-7f962678b000 rw-p 00000000 00:00 0 
7f962678b000-7f9626796000 rw-p 00000000 00:00 0 
7f9626796000-7f96267de000 rw-p 00000000 00:00 0 
7f96267de000-7f96267e1000 rw-p 00000000 00:00 0 
7f96267e1000-7f96278f0000 rw-p 00000000 00:00 0 
7f96278f0000-7f96278f3000 rw-p 00000000 00:00 0 
7f96278f3000-7f962817a000 rw-p 00000000 00:00 0 
7f962817a000-7f962817b000 rw-p 00000000 00:00 0 
7f962817b000-7f96283eb000 rwxp 00000000 00:00 0 
7f96283eb000-7f962b17b000 rw-p 00000000 00:00 0 
7f962b17b000-7f962b183000 r-xp 00000000 00:94b 517                       /usr/lib/jvm/java-7-openjdk-amd64/jre/lib/amd64/libzip.so
7f962b183000-7f962b382000 ---p 00008000 00:94b 517                       /usr/lib/jvm/java-7-openjdk-amd64/jre/lib/amd64/libzip.so
7f962b382000-7f962b383000 r--p 00007000 00:94b 517                       /usr/lib/jvm/java-7-openjdk-amd64/jre/lib/amd64/libzip.so
7f962b383000-7f962b384000 rw-p 00008000 00:94b 517                       /usr/lib/jvm/java-7-openjdk-amd64/jre/lib/amd64/libzip.so
7f962b384000-7f962b38f000 r-xp 00000000 00:94b 105                       /lib/x86_64-linux-gnu/libnss_files-2.19.so
7f962b38f000-7f962b58e000 ---p 0000b000 00:94b 105                       /lib/x86_64-linux-gnu/libnss_files-2.19.so
7f962b58e000-7f962b58f000 r--p 0000a000 00:94b 105                       /lib/x86_64-linux-gnu/libnss_files-2.19.so
7f962b58f000-7f962b590000 rw-p 0000b000 00:94b 105                       /lib/x86_64-linux-gnu/libnss_files-2.19.so
7f962b590000-7f962b59b000 r-xp 00000000 00:94b 103                       /lib/x86_64-linux-gnu/libnss_nis-2.19.so
7f962b59b000-7f962b79a000 ---p 0000b000 00:94b 103                       /lib/x86_64-linux-gnu/libnss_nis-2.19.so
7f962b79a000-7f962b79b000 r--p 0000a000 00:94b 103                       /lib/x86_64-linux-gnu/libnss_nis-2.19.so
7f962b79b000-7f962b79c000 rw-p 0000b000 00:94b 103                       /lib/x86_64-linux-gnu/libnss_nis-2.19.so
7f962b79c000-7f962b7b3000 r-xp 00000000 00:94b 101                       /lib/x86_64-linux-gnu/libnsl-2.19.so
7f962b7b3000-7f962b9b2000 ---p 00017000 00:94b 101                       /lib/x86_64-linux-gnu/libnsl-2.19.so
7f962b9b2000-7f962b9b3000 r--p 00016000 00:94b 101                       /lib/x86_64-linux-gnu/libnsl-2.19.so
7f962b9b3000-7f962b9b4000 rw-p 00017000 00:94b 101                       /lib/x86_64-linux-gnu/libnsl-2.19.so
7f962b9b4000-7f962b9b6000 rw-p 00000000 00:00 0 
7f962b9b6000-7f962b9bf000 r-xp 00000000 00:94b 99                        /lib/x86_64-linux-gnu/libnss_compat-2.19.so
7f962b9bf000-7f962bbbe000 ---p 00009000 00:94b 99                        /lib/x86_64-linux-gnu/libnss_compat-2.19.so
7f962bbbe000-7f962bbbf000 r--p 00008000 00:94b 99                        /lib/x86_64-linux-gnu/libnss_compat-2.19.so
7f962bbbf000-7f962bbc0000 rw-p 00009000 00:94b 99                        /lib/x86_64-linux-gnu/libnss_compat-2.19.so
7f962bbc0000-7f962bbeb000 r-xp 00000000 00:94b 506                       /usr/lib/jvm/java-7-openjdk-amd64/jre/lib/amd64/libjava.so
7f962bbeb000-7f962bdeb000 ---p 0002b000 00:94b 506                       /usr/lib/jvm/java-7-openjdk-amd64/jre/lib/amd64/libjava.so
7f962bdeb000-7f962bdec000 r--p 0002b000 00:94b 506                       /usr/lib/jvm/java-7-openjdk-amd64/jre/lib/amd64/libjava.so
7f962bdec000-7f962bdee000 rw-p 0002c000 00:94b 506                       /usr/lib/jvm/java-7-openjdk-amd64/jre/lib/amd64/libjava.so
7f962bdee000-7f962bdfe000 r-xp 00000000 00:94b 512                       /usr/lib/jvm/java-7-openjdk-amd64/jre/lib/amd64/libverify.so
7f962bdfe000-7f962bffd000 ---p 00010000 00:94b 512                       /usr/lib/jvm/java-7-openjdk-amd64/jre/lib/amd64/libverify.so
7f962bffd000-7f962bfff000 r--p 0000f000 00:94b 512                       /usr/lib/jvm/java-7-openjdk-amd64/jre/lib/amd64/libverify.so
7f962bfff000-7f962c000000 rw-p 00011000 00:94b 512                       /usr/lib/jvm/java-7-openjdk-amd64/jre/lib/amd64/libverify.so
7f962c000000-7f962c035000 rw-p 00000000 00:00 0 
7f962c035000-7f9630000000 ---p 00000000 00:00 0 
7f963004d000-7f9630054000 r-xp 00000000 00:94b 461                       /lib/x86_64-linux-gnu/librt-2.19.so
7f9630054000-7f9630253000 ---p 00007000 00:94b 461                       /lib/x86_64-linux-gnu/librt-2.19.so
7f9630253000-7f9630254000 r--p 00006000 00:94b 461                       /lib/x86_64-linux-gnu/librt-2.19.so
7f9630254000-7f9630255000 rw-p 00007000 00:94b 461                       /lib/x86_64-linux-gnu/librt-2.19.so
7f9630255000-7f963026b000 r-xp 00000000 00:94b 464                       /lib/x86_64-linux-gnu/libgcc_s.so.1
7f963026b000-7f963046a000 ---p 00016000 00:94b 464                       /lib/x86_64-linux-gnu/libgcc_s.so.1
7f963046a000-7f963046b000 rw-p 00015000 00:94b 464                       /lib/x86_64-linux-gnu/libgcc_s.so.1
7f963046b000-7f9630570000 r-xp 00000000 00:94b 87                        /lib/x86_64-linux-gnu/libm-2.19.so
7f9630570000-7f963076f000 ---p 00105000 00:94b 87                        /lib/x86_64-linux-gnu/libm-2.19.so
7f963076f000-7f9630770000 r--p 00104000 00:94b 87                        /lib/x86_64-linux-gnu/libm-2.19.so
7f9630770000-7f9630771000 rw-p 00105000 00:94b 87                        /lib/x86_64-linux-gnu/libm-2.19.so
7f9630771000-7f9630857000 r-xp 00000000 00:94b 463                       /usr/lib/x86_64-linux-gnu/libstdc++.so.6.0.19
7f9630857000-7f9630a56000 ---p 000e6000 00:94b 463                       /usr/lib/x86_64-linux-gnu/libstdc++.so.6.0.19
7f9630a56000-7f9630a5e000 r--p 000e5000 00:94b 463                       /usr/lib/x86_64-linux-gnu/libstdc++.so.6.0.19
7f9630a5e000-7f9630a60000 rw-p 000ed000 00:94b 463                       /usr/lib/x86_64-linux-gnu/libstdc++.so.6.0.19
7f9630a60000-7f9630a75000 rw-p 00000000 00:00 0 
7f9630a75000-7f963158d000 r-xp 00000000 00:94b 511                       /usr/lib/jvm/java-7-openjdk-amd64/jre/lib/amd64/server/libjvm.so
7f963158d000-7f963178d000 ---p 00b18000 00:94b 511                       /usr/lib/jvm/java-7-openjdk-amd64/jre/lib/amd64/server/libjvm.so
7f963178d000-7f9631827000 r--p 00b18000 00:94b 511                       /usr/lib/jvm/java-7-openjdk-amd64/jre/lib/amd64/server/libjvm.so
7f9631827000-7f963184a000 rw-p 00bb2000 00:94b 511                       /usr/lib/jvm/java-7-openjdk-amd64/jre/lib/amd64/server/libjvm.so
7f963184a000-7f9631878000 rw-p 00000000 00:00 0 
7f9631878000-7f9631890000 r-xp 00000000 00:94b 113                       /lib/x86_64-linux-gnu/libz.so.1.2.8
7f9631890000-7f9631a8f000 ---p 00018000 00:94b 113                       /lib/x86_64-linux-gnu/libz.so.1.2.8
7f9631a8f000-7f9631a90000 r--p 00017000 00:94b 113                       /lib/x86_64-linux-gnu/libz.so.1.2.8
7f9631a90000-7f9631a91000 rw-p 00018000 00:94b 113                       /lib/x86_64-linux-gnu/libz.so.1.2.8
7f9631a91000-7f9631aaa000 r-xp 00000000 00:94b 95                        /lib/x86_64-linux-gnu/libpthread-2.19.so
7f9631aaa000-7f9631ca9000 ---p 00019000 00:94b 95                        /lib/x86_64-linux-gnu/libpthread-2.19.so
7f9631ca9000-7f9631caa000 r--p 00018000 00:94b 95                        /lib/x86_64-linux-gnu/libpthread-2.19.so
7f9631caa000-7f9631cab000 rw-p 00019000 00:94b 95                        /lib/x86_64-linux-gnu/libpthread-2.19.so
7f9631cab000-7f9631caf000 rw-p 00000000 00:00 0 
7f9631caf000-7f9631cb2000 r-xp 00000000 00:94b 65                        /lib/x86_64-linux-gnu/libdl-2.19.so
7f9631cb2000-7f9631eb1000 ---p 00003000 00:94b 65                        /lib/x86_64-linux-gnu/libdl-2.19.so
7f9631eb1000-7f9631eb2000 r--p 00002000 00:94b 65                        /lib/x86_64-linux-gnu/libdl-2.19.so
7f9631eb2000-7f9631eb3000 rw-p 00003000 00:94b 65                        /lib/x86_64-linux-gnu/libdl-2.19.so
7f9631eb3000-7f963206e000 r-xp 00000000 00:94b 37                        /lib/x86_64-linux-gnu/libc-2.19.so
7f963206e000-7f963226d000 ---p 001bb000 00:94b 37                        /lib/x86_64-linux-gnu/libc-2.19.so
7f963226d000-7f9632271000 r--p 001ba000 00:94b 37                        /lib/x86_64-linux-gnu/libc-2.19.so
7f9632271000-7f9632273000 rw-p 001be000 00:94b 37                        /lib/x86_64-linux-gnu/libc-2.19.so
7f9632273000-7f9632278000 rw-p 00000000 00:00 0 
7f9632278000-7f9632285000 r-xp 00000000 00:94b 505                       /usr/lib/jvm/java-7-openjdk-amd64/jre/lib/amd64/jli/libjli.so
7f9632285000-7f9632484000 ---p 0000d000 00:94b 505                       /usr/lib/jvm/java-7-openjdk-amd64/jre/lib/amd64/jli/libjli.so
7f9632484000-7f9632485000 r--p 0000c000 00:94b 505                       /usr/lib/jvm/java-7-openjdk-amd64/jre/lib/amd64/jli/libjli.so
7f9632485000-7f9632486000 rw-p 0000d000 00:94b 505                       /usr/lib/jvm/java-7-openjdk-amd64/jre/lib/amd64/jli/libjli.so
7f9632486000-7f96324a9000 r-xp 00000000 00:94b 34                        /lib/x86_64-linux-gnu/ld-2.19.so
7f96324d0000-7f96324da000 rw-p 00000000 00:00 0 
7f96324da000-7f9632590000 rw-p 00000000 00:00 0 
7f9632590000-7f9632593000 ---p 00000000 00:00 0 
7f9632593000-7f9632696000 rw-p 00000000 00:00 0                          [stack:18561]
7f963269a000-7f963269c000 rw-p 00000000 00:00 0 
7f963269c000-7f96326a4000 rw-s 00000000 00:94b 549                       /tmp/hsperfdata_ubuntu/2129
7f96326a4000-7f96326a5000 rw-p 00000000 00:00 0 
7f96326a5000-7f96326a6000 r--p 00000000 00:00 0 
7f96326a6000-7f96326a8000 rw-p 00000000 00:00 0 
7f96326a8000-7f96326a9000 r--p 00022000 00:94b 34                        /lib/x86_64-linux-gnu/ld-2.19.so
7f96326a9000-7f96326aa000 rw-p 00023000 00:94b 34                        /lib/x86_64-linux-gnu/ld-2.19.so
7f96326aa000-7f96326ab000 rw-p 00000000 00:00 0 
7fff22cb1000-7fff22cd2000 rw-p 00000000 00:00 0                          [stack]
7fff22dfe000-7fff22e00000 r-xp 00000000 00:00 0                          [vdso]
ffffffffff600000-ffffffffff601000 r-xp 00000000 00:00 0                  [vsyscall]

VM Arguments:
jvm_args: -Dapplication.home=/usr/lib/jvm/java-7-openjdk-amd64 -Xms8m 
java_command: com.sun.tools.javac.Main GeometryLabTest.java
Launcher Type: SUN_STANDARD

Environment Variables:
PATH=/home/ubuntu/.nvm/v0.10.35/bin:/usr/local/rvm/gems/ruby-2.2.1/bin:/usr/local/rvm/gems/ruby-2.2.1@global/bin:/usr/local/rvm/rubies/ruby-2.2.1/bin:/mnt/shared/bin:/home/ubuntu/workspace/node_modules/.bin:/home/ubuntu/bin:/usr/local/sbin:/usr/local/bin:/usr/sbin:/usr/bin:/sbin:/bin:/mnt/shared/sbin:/opt/gitl:/opt/go/bin:/mnt/shared/c9/app.nw/bin:/usr/local/rvm/bin
SHELL=/bin/bash

Signal Handlers:
SIGSEGV: [libjvm.so+0x94b9a0], sa_mask[0]=0x7ffbfeff, sa_flags=0x10000004
SIGBUS: [libjvm.so+0x94b9a0], sa_mask[0]=0x7ffbfeff, sa_flags=0x10000004
SIGFPE: [libjvm.so+0x7c3880], sa_mask[0]=0x7ffbfeff, sa_flags=0x10000004
SIGPIPE: [libjvm.so+0x7c3880], sa_mask[0]=0x7ffbfeff, sa_flags=0x10000004
SIGXFSZ: [libjvm.so+0x7c3880], sa_mask[0]=0x7ffbfeff, sa_flags=0x10000004
SIGILL: [libjvm.so+0x7c3880], sa_mask[0]=0x7ffbfeff, sa_flags=0x10000004
SIGUSR1: SIG_DFL, sa_mask[0]=0x00000000, sa_flags=0x00000000
SIGUSR2: [libjvm.so+0x7c3720], sa_mask[0]=0x00000000, sa_flags=0x10000004
SIGHUP: SIG_DFL, sa_mask[0]=0x00000000, sa_flags=0x00000000
SIGINT: SIG_DFL, sa_mask[0]=0x00000000, sa_flags=0x00000000
SIGTERM: SIG_DFL, sa_mask[0]=0x00000000, sa_flags=0x00000000
SIGQUIT: SIG_DFL, sa_mask[0]=0x00000000, sa_flags=0x00000000
SIGTRAP: SIG_DFL, sa_mask[0]=0x00000000, sa_flags=0x00000000


---------------  S Y S T E M  ---------------

OS:Ubuntu 14.04 (trusty)
uname:Linux 3.14.13-c9 #1 SMP Tue Aug 19 16:13:44 UTC 2014 x86_64
libc:glibc 2.19 NPTL 2.19 
rlimit: STACK 8192k, CORE 0k, NPROC 1048576, NOFILE 1048576, AS infinity
load average:2.18 2.71 3.41

/proc/meminfo:
MemTotal:       53704208 kB
MemFree:         4310000 kB
MemAvailable:   10712248 kB
Buffers:         1928776 kB
Cached:          9357344 kB
SwapCached:      5759700 kB
Active:         18752176 kB
Inactive:       18394492 kB
Active(anon):   13844000 kB
Inactive(anon): 13277284 kB
Active(file):    4908176 kB
Inactive(file):  5117208 kB
Unevictable:       84248 kB
Mlocked:           84248 kB
SwapTotal:      52428788 kB
SwapFree:       28945600 kB
Dirty:              2288 kB
Writeback:             0 kB
AnonPages:      21092704 kB
Mapped:           857512 kB
Shmem:           1257508 kB
Slab:            9624572 kB
SReclaimable:    6179728 kB
SUnreclaim:      3444844 kB
KernelStack:      259072 kB
PageTables:      1045972 kB
NFS_Unstable:          0 kB
Bounce:                0 kB
WritebackTmp:          0 kB
CommitLimit:    79280892 kB
Committed_AS:   230378000 kB
VmallocTotal:   34359738367 kB
VmallocUsed:      397756 kB
VmallocChunk:   34359197616 kB
HardwareCorrupted:     0 kB
AnonHugePages:         0 kB
HugePages_Total:       0
HugePages_Free:        0
HugePages_Rsvd:        0
HugePages_Surp:        0
Hugepagesize:       2048 kB
DirectMap4k:      182260 kB
DirectMap2M:    23934976 kB
DirectMap1G:    32505856 kB


CPU:total 8 (16 cores per cpu, 2 threads per core) family 6 model 63 stepping 0, cmov, cx8, fxsr, mmx, sse, sse2, sse3, ssse3, sse4.1, sse4.2, popcnt, avx, avx2, aes, erms, ht, tsc

/proc/cpuinfo:
processor	: 0
vendor_id	: GenuineIntel
cpu family	: 6
model		: 63
model name	: Intel(R) Xeon(R) CPU @ 2.30GHz
stepping	: 0
microcode	: 0x1
cpu MHz		: 2299.992
cache size	: 46080 KB
physical id	: 0
siblings	: 8
core id		: 0
cpu cores	: 4
apicid		: 0
initial apicid	: 0
fpu		: yes
fpu_exception	: yes
cpuid level	: 13
wp		: yes
flags		: fpu vme de pse tsc msr pae mce cx8 apic sep mtrr pge mca cmov pat pse36 clflush mmx fxsr sse sse2 ss ht syscall nx pdpe1gb rdtscp lm constant_tsc nopl xtopology eagerfpu pni pclmulqdq ssse3 fma cx16 sse4_1 sse4_2 x2apic movbe popcnt aes xsave avx f16c rdrand hypervisor lahf_lm abm xsaveopt fsgsbase bmi1 avx2 smep bmi2
bogomips	: 4599.98
clflush size	: 64
cache_alignment	: 64
address sizes	: 46 bits physical, 48 bits virtual
power management:

processor	: 1
vendor_id	: GenuineIntel
cpu family	: 6
model		: 63
model name	: Intel(R) Xeon(R) CPU @ 2.30GHz
stepping	: 0
microcode	: 0x1
cpu MHz		: 2299.992
cache size	: 46080 KB
physical id	: 0
siblings	: 8
core id		: 0
cpu cores	: 4
apicid		: 1
initial apicid	: 1
fpu		: yes
fpu_exception	: yes
cpuid level	: 13
wp		: yes
flags		: fpu vme de pse tsc msr pae mce cx8 apic sep mtrr pge mca cmov pat pse36 clflush mmx fxsr sse sse2 ss ht syscall nx pdpe1gb rdtscp lm constant_tsc nopl xtopology eagerfpu pni pclmulqdq ssse3 fma cx16 sse4_1 sse4_2 x2apic movbe popcnt aes xsave avx f16c rdrand hypervisor lahf_lm abm xsaveopt fsgsbase bmi1 avx2 smep bmi2
bogomips	: 4599.98
clflush size	: 64
cache_alignment	: 64
address sizes	: 46 bits physical, 48 bits virtual
power management:

processor	: 2
vendor_id	: GenuineIntel
cpu family	: 6
model		: 63
model name	: Intel(R) Xeon(R) CPU @ 2.30GHz
stepping	: 0
microcode	: 0x1
cpu MHz		: 2299.992
cache size	: 46080 KB
physical id	: 0
siblings	: 8
core id		: 1
cpu cores	: 4
apicid		: 2
initial apicid	: 2
fpu		: yes
fpu_exception	: yes
cpuid level	: 13
wp		: yes
flags		: fpu vme de pse tsc msr pae mce cx8 apic sep mtrr pge mca cmov pat pse36 clflush mmx fxsr sse sse2 ss ht syscall nx pdpe1gb rdtscp lm constant_tsc nopl xtopology eagerfpu pni pclmulqdq ssse3 fma cx16 sse4_1 sse4_2 x2apic movbe popcnt aes xsave avx f16c rdrand hypervisor lahf_lm abm xsaveopt fsgsbase bmi1 avx2 smep bmi2
bogomips	: 4599.98
clflush size	: 64
cache_alignment	: 64
address sizes	: 46 bits physical, 48 bits virtual
power management:

processor	: 3
vendor_id	: GenuineIntel
cpu family	: 6
model		: 63
model name	: Intel(R) Xeon(R) CPU @ 2.30GHz
stepping	: 0
microcode	: 0x1
cpu MHz		: 2299.992
cache size	: 46080 KB
physical id	: 0
siblings	: 8
core id		: 1
cpu cores	: 4
apicid		: 3
initial apicid	: 3
fpu		: yes
fpu_exception	: yes
cpuid level	: 13
wp		: yes
flags		: fpu vme de pse tsc msr pae mce cx8 apic sep mtrr pge mca cmov pat pse36 clflush mmx fxsr sse sse2 ss ht syscall nx pdpe1gb rdtscp lm constant_tsc nopl xtopology eagerfpu pni pclmulqdq ssse3 fma cx16 sse4_1 sse4_2 x2apic movbe popcnt aes xsave avx f16c rdrand hypervisor lahf_lm abm xsaveopt fsgsbase bmi1 avx2 smep bmi2
bogomips	: 4599.98
clflush size	: 64
cache_alignment	: 64
address sizes	: 46 bits physical, 48 bits virtual
power management:

processor	: 4
vendor_id	: GenuineIntel
cpu family	: 6
model		: 63
model name	: Intel(R) Xeon(R) CPU @ 2.30GHz
stepping	: 0
microcode	: 0x1
cpu MHz		: 2299.992
cache size	: 46080 KB
physical id	: 0
siblings	: 8
core id		: 2
cpu cores	: 4
apicid		: 4
initial apicid	: 4
fpu		: yes
fpu_exception	: yes
cpuid level	: 13
wp		: yes
flags		: fpu vme de pse tsc msr pae mce cx8 apic sep mtrr pge mca cmov pat pse36 clflush mmx fxsr sse sse2 ss ht syscall nx pdpe1gb rdtscp lm constant_tsc nopl xtopology eagerfpu pni pclmulqdq ssse3 fma cx16 sse4_1 sse4_2 x2apic movbe popcnt aes xsave avx f16c rdrand hypervisor lahf_lm abm xsaveopt fsgsbase bmi1 avx2 smep bmi2
bogomips	: 4599.98
clflush size	: 64
cache_alignment	: 64
address sizes	: 46 bits physical, 48 bits virtual
power management:

processor	: 5
vendor_id	: GenuineIntel
cpu family	: 6
model		: 63
model name	: Intel(R) Xeon(R) CPU @ 2.30GHz
stepping	: 0
microcode	: 0x1
cpu MHz		: 2299.992
cache size	: 46080 KB
physical id	: 0
siblings	: 8
core id		: 2
cpu cores	: 4
apicid		: 5
initial apicid	: 5
fpu		: yes
fpu_exception	: yes
cpuid level	: 13
wp		: yes
flags		: fpu vme de pse tsc msr pae mce cx8 apic sep mtrr pge mca cmov pat pse36 clflush mmx fxsr sse sse2 ss ht syscall nx pdpe1gb rdtscp lm constant_tsc nopl xtopology eagerfpu pni pclmulqdq ssse3 fma cx16 sse4_1 sse4_2 x2apic movbe popcnt aes xsave avx f16c rdrand hypervisor lahf_lm abm xsaveopt fsgsbase bmi1 avx2 smep bmi2
bogomips	: 4599.98
clflush size	: 64
cache_alignment	: 64
address sizes	: 46 bits physical, 48 bits virtual
power management:

processor	: 6
vendor_id	: GenuineIntel
cpu family	: 6
model		: 63
model name	: Intel(R) Xeon(R) CPU @ 2.30GHz
stepping	: 0
microcode	: 0x1
cpu MHz		: 2299.992
cache size	: 46080 KB
physical id	: 0
siblings	: 8
core id		: 3
cpu cores	: 4
apicid		: 6
initial apicid	: 6
fpu		: yes
fpu_exception	: yes
cpuid level	: 13
wp		: yes
flags		: fpu vme de pse tsc msr pae mce cx8 apic sep mtrr pge mca cmov pat pse36 clflush mmx fxsr sse sse2 ss ht syscall nx pdpe1gb rdtscp lm constant_tsc nopl xtopology eagerfpu pni pclmulqdq ssse3 fma cx16 sse4_1 sse4_2 x2apic movbe popcnt aes xsave avx f16c rdrand hypervisor lahf_lm abm xsaveopt fsgsbase bmi1 avx2 smep bmi2
bogomips	: 4599.98
clflush size	: 64
cache_alignment	: 64
address sizes	: 46 bits physical, 48 bits virtual
power management:

processor	: 7
vendor_id	: GenuineIntel
cpu family	: 6
model		: 63
model name	: Intel(R) Xeon(R) CPU @ 2.30GHz
stepping	: 0
microcode	: 0x1
cpu MHz		: 2299.992
cache size	: 46080 KB
physical id	: 0
siblings	: 8
core id		: 3
cpu cores	: 4
apicid		: 7
initial apicid	: 7
fpu		: yes
fpu_exception	: yes
cpuid level	: 13
wp		: yes
flags		: fpu vme de pse tsc msr pae mce cx8 apic sep mtrr pge mca cmov pat pse36 clflush mmx fxsr sse sse2 ss ht syscall nx pdpe1gb rdtscp lm constant_tsc nopl xtopology eagerfpu pni pclmulqdq ssse3 fma cx16 sse4_1 sse4_2 x2apic movbe popcnt aes xsave avx f16c rdrand hypervisor lahf_lm abm xsaveopt fsgsbase bmi1 avx2 smep bmi2
bogomips	: 4599.98
clflush size	: 64
cache_alignment	: 64
address sizes	: 46 bits physical, 48 bits virtual
power management:



Memory: 4k page, physical 53704208k(4310000k free), swap 52428788k(28945600k free)

vm_info: OpenJDK 64-Bit Server VM (24.79-b02) for linux-amd64 JRE (1.7.0_79-b14), built on Apr 16 2015 08:21:58 by "buildd" with gcc 4.8.2

time: Thu Aug 27 16:36:44 2015
elapsed time: 0 seconds

